Determining if the pthread_create exist failed with the following output:
Change Dir: /home/ucar/catkin_test_ws/src/ucar_start/build/CMakeFiles/CMakeTmp

Run Build Command:"/usr/bin/make" "cmTC_c1bfa/fast"
/usr/bin/make -f CMakeFiles/cmTC_c1bfa.dir/build.make CMakeFiles/cmTC_c1bfa.dir/build
make[1]: Entering directory '/home/ucar/catkin_test_ws/src/ucar_start/build/CMakeFiles/CMakeTmp'
Building C object CMakeFiles/cmTC_c1bfa.dir/CheckSymbolExists.c.o
/usr/bin/cc    -o CMakeFiles/cmTC_c1bfa.dir/CheckSymbolExists.c.o   -c /home/ucar/catkin_test_ws/src/ucar_start/build/CMakeFiles/CMakeTmp/CheckSymbolExists.c
Linking C executable cmTC_c1bfa
/usr/bin/cmake -E cmake_link_script CMakeFiles/cmTC_c1bfa.dir/link.txt --verbose=1
/usr/bin/cc      -rdynamic CMakeFiles/cmTC_c1bfa.dir/CheckSymbolExists.c.o  -o cmTC_c1bfa 
CMakeFiles/cmTC_c1bfa.dir/CheckSymbolExists.c.o: In function `main':
CheckSymbolExists.c:(.text+0x14): undefined reference to `pthread_create'
CheckSymbolExists.c:(.text+0x18): undefined reference to `pthread_create'
collect2: error: ld returned 1 exit status
CMakeFiles/cmTC_c1bfa.dir/build.make:97: recipe for target 'cmTC_c1bfa' failed
make[1]: *** [cmTC_c1bfa] Error 1
make[1]: Leaving directory '/home/ucar/catkin_test_ws/src/ucar_start/build/CMakeFiles/CMakeTmp'
Makefile:126: recipe for target 'cmTC_c1bfa/fast' failed
make: *** [cmTC_c1bfa/fast] Error 2

File /home/ucar/catkin_test_ws/src/ucar_start/build/CMakeFiles/CMakeTmp/CheckSymbolExists.c:
/* */
#include <pthread.h>

int main(int argc, char** argv)
{
  (void)argv;
#ifndef pthread_create
  return ((int*)(&pthread_create))[argc];
#else
  (void)argc;
  return 0;
#endif
}

Determining if the function pthread_create exists in the pthreads failed with the following output:
Change Dir: /home/ucar/catkin_test_ws/src/ucar_start/build/CMakeFiles/CMakeTmp

Run Build Command:"/usr/bin/make" "cmTC_5bd4c/fast"
/usr/bin/make -f CMakeFiles/cmTC_5bd4c.dir/build.make CMakeFiles/cmTC_5bd4c.dir/build
make[1]: Entering directory '/home/ucar/catkin_test_ws/src/ucar_start/build/CMakeFiles/CMakeTmp'
Building C object CMakeFiles/cmTC_5bd4c.dir/CheckFunctionExists.c.o
/usr/bin/cc   -DCHECK_FUNCTION_EXISTS=pthread_create   -o CMakeFiles/cmTC_5bd4c.dir/CheckFunctionExists.c.o   -c /usr/share/cmake-3.10/Modules/CheckFunctionExists.c
Linking C executable cmTC_5bd4c
/usr/bin/cmake -E cmake_link_script CMakeFiles/cmTC_5bd4c.dir/link.txt --verbose=1
/usr/bin/cc  -DCHECK_FUNCTION_EXISTS=pthread_create    -rdynamic CMakeFiles/cmTC_5bd4c.dir/CheckFunctionExists.c.o  -o cmTC_5bd4c -lpthreads 
/usr/bin/ld: cannot find -lpthreads
collect2: error: ld returned 1 exit status
CMakeFiles/cmTC_5bd4c.dir/build.make:97: recipe for target 'cmTC_5bd4c' failed
make[1]: *** [cmTC_5bd4c] Error 1
make[1]: Leaving directory '/home/ucar/catkin_test_ws/src/ucar_start/build/CMakeFiles/CMakeTmp'
Makefile:126: recipe for target 'cmTC_5bd4c/fast' failed
make: *** [cmTC_5bd4c/fast] Error 2


