============================================================
Time  2023/07/27 23:03:26 885 
============================================================
[2023/07/27 23:03:26 885] lgi        644  SYS_MSG_LOAD  
[2023/07/27 23:03:26 887] lgi        666  SYS_MSG_REGCB  msp_status_cb  func(68053070) 
[2023/07/27 23:03:26 887] lgi        292  LGI_MSG_INIT  
[2023/07/27 23:03:26 887] lgi        299  lgi  lgi_  268436457  1562576071  
[2023/07/27 23:03:26 887] lgi        332  lgi params:  appid = 6e9ae667  
[2023/07/27 23:03:26 887] lgi        346  auth_time_str=  2023/07/27 23:03:26  
[2023/07/27 23:03:26 887] lgi        352  auth_appid=  6e9ae667  
[2023/07/27 23:03:26 888] lgi        363  token:  nil  
[2023/07/27 23:03:26 888] lgi        436  msc cver : 5.0.38.1195  
[2023/07/27 23:03:26 888] lgi        479  ns_enable=  1  
[2023/07/27 23:03:26 888] lgi        491  prot_ver=1  
[2023/07/27 23:03:26 888] lgi        502  prot_type=tcp  
[2023/07/27 23:03:26 888] lgi        653  SYS_MSG_UNLOAD  go bg!  
[2023/07/27 23:03:40 378] lgi        657  SYS_MSG_SHUTDOWN  
============================================================
Time  2023/07/27 23:03:54 838 
============================================================
[2023/07/27 23:03:54 838] lgi        644  SYS_MSG_LOAD  
[2023/07/27 23:03:54 839] lgi        666  SYS_MSG_REGCB  msp_status_cb  func(84053070) 
[2023/07/27 23:03:54 840] lgi        292  LGI_MSG_INIT  
[2023/07/27 23:03:54 840] lgi        299  lgi  lgi_  268436457  1562576071  
[2023/07/27 23:03:54 840] lgi        332  lgi params:  appid = 6e9ae667  
[2023/07/27 23:03:54 840] lgi        346  auth_time_str=  2023/07/27 23:03:54  
[2023/07/27 23:03:54 840] lgi        352  auth_appid=  6e9ae667  
[2023/07/27 23:03:54 840] lgi        363  token:  nil  
[2023/07/27 23:03:54 840] lgi        436  msc cver : 5.0.38.1195  
[2023/07/27 23:03:54 840] lgi        479  ns_enable=  1  
[2023/07/27 23:03:54 841] lgi        491  prot_ver=1  
[2023/07/27 23:03:54 841] lgi        502  prot_type=tcp  
[2023/07/27 23:03:54 844] lgi        653  SYS_MSG_UNLOAD  go bg!  
============================================================
Time  2023/07/27 23:10:03 861 
============================================================
[2023/07/27 23:10:03 861] lgi        644  SYS_MSG_LOAD  
[2023/07/27 23:10:03 862] lgi        666  SYS_MSG_REGCB  msp_status_cb  func(64053280) 
[2023/07/27 23:10:03 863] lgi        292  LGI_MSG_INIT  
[2023/07/27 23:10:03 863] lgi        299  lgi  lgi_  268436457  1562576071  
[2023/07/27 23:10:03 863] lgi        332  lgi params:  appid = 6e9ae667  
[2023/07/27 23:10:03 863] lgi        346  auth_time_str=  2023/07/27 23:10:03  
[2023/07/27 23:10:03 863] lgi        352  auth_appid=  6e9ae667  
[2023/07/27 23:10:03 863] lgi        363  token:  nil  
[2023/07/27 23:10:03 863] lgi        436  msc cver : 5.0.38.1195  
[2023/07/27 23:10:03 864] lgi        479  ns_enable=  1  
[2023/07/27 23:10:03 864] lgi        491  prot_ver=1  
[2023/07/27 23:10:03 864] lgi        502  prot_type=tcp  
[2023/07/27 23:10:03 864] lgi        653  SYS_MSG_UNLOAD  go bg!  
